TN:
SF:/home/saru/Lab/Rust/tensors/src/core.rs
FN:57,new<f64>
FN:69,print<alloc::string::String>
FN:86,push<&str>
FN:377,dump<f64>
FN:404,col<f64>
FN:426,is_square<f64>
FN:436,rows<f64>
FN:442,cols<f64>
FN:536,transpose<f64>
FN:571,integrity_check<f32>
FN:595,row_check<f32>
FN:606,col_check<f32>
FN:617,range_check<f32>
FN:647,next<&str>
FN:674,zero<f64>
FN:724,resize<f64>
FN:774,set<f64>
FN:879,get<f64>
FN:1030,adjugate<f32>
FN:1076,det<f32>
FN:1109,is_regular<f64>
FN:1154,inverse<f64>
FN:1243,{{closure}}
FN:1249,{{closure}}
FN:1255,{{closure}}
FN:1262,{{closure}}
FN:1272,{{closure}}
FN:1277,{{closure}}
FN:1284,{{closure}}
FN:1290,{{closure}}
FN:1298,{{closure}}
FN:1306,{{closure}}
FN:1315,{{closure}}
FN:1325,{{closure}}
FN:1334,{{closure}}
FN:1342,{{closure}}
FN:1348,{{closure}}
FN:1355,{{closure}}
FN:1361,{{closure}}
FN:1368,{{closure}}
FN:1374,{{closure}}
FN:1391,{{closure}}
FN:1408,{{closure}}
FN:1430,{{closure}}
FN:1442,{{closure}}
FN:1454,{{closure}}
FN:1466,{{closure}}
FN:1479,{{closure}}
FN:1495,{{closure}}
FN:1506,{{closure}}
FN:1516,{{closure}}
FN:1522,{{closure}}
FN:1533,{{closure}}
FN:1545,{{closure}}
FNF:54
FNDA:3,new<f64>
FNDA:1,print<alloc::string::String>
FNDA:3,push<&str>
FNDA:0,dump<f64>
FNDA:1,col<f64>
FNDA:2,is_square<f64>
FNDA:1,rows<f64>
FNDA:1,cols<f64>
FNDA:1,transpose<f64>
FNDA:2,integrity_check<f32>
FNDA:2,row_check<f32>
FNDA:2,col_check<f32>
FNDA:2,range_check<f32>
FNDA:0,next<&str>
FNDA:0,zero<f64>
FNDA:0,resize<f64>
FNDA:0,set<f64>
FNDA:0,get<f64>
FNDA:2,adjugate<f32>
FNDA:3,det<f32>
FNDA:0,is_regular<f64>
FNDA:0,inverse<f64>
FNDA:3,{{closure}}
FNDA:3,{{closure}}
FNDA:3,{{closure}}
FNDA:3,{{closure}}
FNDA:4,{{closure}}
FNDA:3,{{closure}}
FNDA:4,{{closure}}
FNDA:3,{{closure}}
FNDA:4,{{closure}}
FNDA:4,{{closure}}
FNDA:3,{{closure}}
FNDA:4,{{closure}}
FNDA:3,{{closure}}
FNDA:4,{{closure}}
FNDA:3,{{closure}}
FNDA:3,{{closure}}
FNDA:3,{{closure}}
FNDA:4,{{closure}}
FNDA:3,{{closure}}
FNDA:3,{{closure}}
FNDA:3,{{closure}}
FNDA:3,{{closure}}
FNDA:3,{{closure}}
FNDA:3,{{closure}}
FNDA:3,{{closure}}
FNDA:4,{{closure}}
FNDA:4,{{closure}}
FNDA:3,{{closure}}
FNDA:3,{{closure}}
FNDA:3,{{closure}}
FNDA:3,{{closure}}
FNDA:4,{{closure}}
DA:57,3
DA:58,3
DA:69,1
DA:70,1
DA:76,0
DA:77,0
DA:78,0
DA:79,0
DA:86,3
DA:87,3
DA:89,10
DA:90,6
DA:92,1
DA:100,4
DA:101,4
DA:178,0
DA:179,0
DA:180,0
DA:181,0
DA:182,0
DA:183,0
DA:184,0
DA:186,0
DA:187,0
DA:189,0
DA:190,0
DA:193,0
DA:194,0
DA:196,0
DA:197,0
DA:198,0
DA:200,0
DA:201,0
DA:202,0
DA:205,0
DA:234,0
DA:235,0
DA:236,0
DA:237,0
DA:238,0
DA:239,0
DA:240,0
DA:242,0
DA:243,0
DA:245,0
DA:246,0
DA:249,0
DA:250,0
DA:252,0
DA:253,0
DA:254,0
DA:256,0
DA:257,0
DA:258,0
DA:261,0
DA:320,0
DA:321,0
DA:322,0
DA:324,0
DA:325,0
DA:327,0
DA:328,0
DA:330,0
DA:331,0
DA:333,0
DA:334,0
DA:338,0
DA:340,0
DA:341,0
DA:344,0
DA:345,0
DA:346,0
DA:347,0
DA:348,0
DA:350,0
DA:351,0
DA:353,0
DA:354,0
DA:356,0
DA:359,0
DA:364,0
DA:377,0
DA:378,0
DA:384,1
DA:385,1
DA:386,1
DA:387,1
DA:389,0
DA:390,1
DA:393,1
DA:394,2
DA:395,1
DA:397,0
DA:404,1
DA:405,1
DA:406,1
DA:407,2
DA:408,1
DA:410,0
DA:426,2
DA:427,3
DA:430,3
DA:436,1
DA:437,1
DA:442,1
DA:443,1
DA:444,0
DA:446,1
DA:452,1
DA:453,1
DA:456,2
DA:458,1
DA:461,1
DA:462,1
DA:464,2
DA:465,1
DA:466,1
DA:468,2
DA:469,2
DA:470,2
DA:471,0
DA:472,0
DA:475,1
DA:478,1
DA:483,1
DA:484,1
DA:487,2
DA:489,1
DA:492,2
DA:493,1
DA:494,1
DA:495,1
DA:496,1
DA:498,2
DA:499,0
DA:500,0
DA:502,1
DA:505,1
DA:536,1
DA:537,1
DA:539,1
DA:540,1
DA:541,2
DA:542,1
DA:543,1
DA:544,2
DA:545,1
DA:547,2
DA:548,0
DA:551,3
DA:552,1
DA:554,3
DA:555,1
DA:556,2
DA:557,1
DA:561,2
DA:562,0
DA:563,0
DA:565,0
DA:571,2
DA:572,2
DA:573,1
DA:575,5
DA:576,2
DA:577,3
DA:578,1
DA:580,0
DA:581,1
DA:582,1
DA:583,0
DA:585,1
DA:588,4
DA:595,2
DA:596,2
DA:597,4
DA:606,2
DA:607,2
DA:608,4
DA:617,2
DA:618,2
DA:647,0
DA:648,0
DA:649,0
DA:650,0
DA:651,0
DA:653,0
DA:674,0
DA:675,0
DA:676,0
DA:684,0
DA:685,0
DA:686,0
DA:687,0
DA:688,0
DA:691,0
DA:724,0
DA:725,0
DA:726,0
DA:727,0
DA:728,0
DA:730,0
DA:731,0
DA:733,0
DA:734,0
DA:735,0
DA:737,0
DA:738,0
DA:740,0
DA:741,0
DA:742,0
DA:744,0
DA:745,0
DA:748,0
DA:774,0
DA:775,0
DA:776,0
DA:778,0
DA:779,0
DA:781,0
DA:783,0
DA:784,0
DA:785,0
DA:792,1
DA:793,1
DA:794,2
DA:795,2
DA:796,1
DA:799,2
DA:800,0
DA:801,0
DA:803,0
DA:808,1
DA:809,1
DA:810,2
DA:811,2
DA:812,1
DA:815,2
DA:816,0
DA:817,0
DA:819,0
DA:824,1
DA:825,1
DA:826,2
DA:827,2
DA:828,1
DA:831,2
DA:832,0
DA:833,0
DA:835,0
DA:841,1
DA:842,1
DA:843,2
DA:844,2
DA:845,1
DA:848,2
DA:849,0
DA:850,0
DA:852,0
DA:879,0
DA:880,0
DA:881,0
DA:883,0
DA:884,0
DA:885,0
DA:887,0
DA:888,0
DA:889,0
DA:892,0
DA:934,3
DA:935,2
DA:936,2
DA:938,1
DA:939,0
DA:940,1
DA:941,1
DA:944,0
DA:978,0
DA:979,0
DA:981,0
DA:984,0
DA:985,0
DA:987,0
DA:988,0
DA:989,0
DA:991,0
DA:992,0
DA:993,0
DA:997,0
DA:1030,2
DA:1031,2
DA:1032,2
DA:1033,2
DA:1034,4
DA:1035,2
DA:1036,6
DA:1037,6
DA:1038,6
DA:1039,4
DA:1042,4
DA:1045,6
DA:1046,4
DA:1047,2
DA:1048,2
DA:1049,2
DA:1050,2
DA:1052,0
DA:1056,2
DA:1076,3
DA:1077,3
DA:1078,3
DA:1080,4
DA:1081,2
DA:1082,6
DA:1083,4
DA:1085,4
DA:1086,4
DA:1087,2
DA:1088,4
DA:1089,4
DA:1091,4
DA:1094,2
DA:1109,0
DA:1110,0
DA:1111,0
DA:1154,0
DA:1155,0
DA:1157,0
DA:1158,0
DA:1159,0
DA:1162,0
DA:1164,0
DA:1165,0
DA:1166,0
DA:1167,0
DA:1168,0
DA:1169,0
DA:1170,0
DA:1172,0
DA:1176,0
DA:1185,0
DA:1186,0
DA:1188,0
DA:1189,0
DA:1190,0
DA:1191,0
DA:1192,0
DA:1193,0
DA:1195,0
DA:1203,0
DA:1204,0
DA:1206,0
DA:1207,0
DA:1208,0
DA:1209,0
DA:1211,0
DA:1224,0
DA:1225,0
DA:1226,0
DA:1227,0
DA:1230,0
DA:1231,0
DA:1232,0
DA:1234,0
DA:1243,3
DA:1244,1
DA:1245,1
DA:1249,3
DA:1250,1
DA:1251,1
DA:1255,3
DA:1256,1
DA:1257,1
DA:1262,3
DA:1263,1
DA:1264,1
DA:1265,1
DA:1266,1
DA:1272,4
DA:1273,3
DA:1277,3
DA:1278,1
DA:1279,1
DA:1284,4
DA:1285,1
DA:1286,1
DA:1290,3
DA:1291,1
DA:1292,1
DA:1298,4
DA:1299,1
DA:1300,1
DA:1306,4
DA:1307,1
DA:1309,1
DA:1310,1
DA:1311,1
DA:1315,3
DA:1316,3
DA:1317,1
DA:1319,1
DA:1325,4
DA:1326,3
DA:1327,1
DA:1329,1
DA:1334,3
DA:1335,1
DA:1336,1
DA:1337,1
DA:1342,4
DA:1343,1
DA:1344,1
DA:1348,3
DA:1349,1
DA:1350,1
DA:1351,1
DA:1355,3
DA:1356,1
DA:1357,1
DA:1361,3
DA:1362,1
DA:1363,1
DA:1368,4
DA:1369,1
DA:1370,1
DA:1374,3
DA:1375,1
DA:1376,1
DA:1377,1
DA:1378,2
DA:1379,1
DA:1380,1
DA:1383,2
DA:1384,2
DA:1385,1
DA:1386,1
DA:1391,3
DA:1392,1
DA:1393,1
DA:1394,1
DA:1395,2
DA:1396,1
DA:1397,1
DA:1400,2
DA:1401,2
DA:1402,1
DA:1403,1
DA:1408,3
DA:1409,1
DA:1410,1
DA:1416,1
DA:1417,2
DA:1418,2
DA:1419,1
DA:1430,3
DA:1431,1
DA:1432,1
DA:1433,1
DA:1434,2
DA:1435,2
DA:1436,1
DA:1442,3
DA:1443,1
DA:1444,1
DA:1445,1
DA:1446,2
DA:1447,2
DA:1448,1
DA:1454,3
DA:1455,1
DA:1456,1
DA:1457,1
DA:1458,2
DA:1459,2
DA:1460,1
DA:1466,3
DA:1467,1
DA:1468,1
DA:1469,1
DA:1470,2
DA:1471,2
DA:1472,1
DA:1479,4
DA:1480,1
DA:1485,1
DA:1490,1
DA:1495,4
DA:1496,1
DA:1501,1
DA:1502,1
DA:1506,3
DA:1507,1
DA:1512,1
DA:1516,3
DA:1517,1
DA:1518,1
DA:1522,3
DA:1523,1
DA:1529,1
DA:1533,3
DA:1534,1
DA:1540,1
DA:1545,4
DA:1546,1
DA:1552,1
LF:504
LH:297
end_of_record
TN:
SF:/home/saru/Lab/Rust/tensors/src/main.rs
FN:4,main
FNF:1
FNDA:0,main
DA:4,0
DA:5,0
DA:12,0
DA:19,0
DA:20,0
DA:21,0
DA:22,0
DA:24,0
DA:25,0
DA:26,0
DA:28,0
DA:29,0
DA:30,0
DA:31,0
DA:33,0
DA:34,0
DA:36,0
DA:163,0
DA:168,0
DA:170,0
DA:171,0
DA:172,0
DA:173,0
DA:174,0
DA:175,0
DA:176,0
DA:178,0
DA:180,0
LF:28
LH:0
end_of_record
