TN:
SF:/home/saru/Lab/Rust/tensors/src/core.rs
FN:57,new<f64>
FN:69,print<i32>
FN:86,push<f32>
FN:178,add<i32>
FN:234,sub<i32>
FN:320,mul<i32>
FN:377,dump<f64>
FN:384,row<i32>
FN:404,col<i32>
FN:426,is_square<f64>
FN:436,rows<i32>
FN:442,cols<f64>
FN:452,row_replace<i32>
FN:483,col_replace<i32>
FN:536,transpose<i32>
FN:571,integrity_check<i32>
FN:595,row_check<i32>
FN:606,col_check<f32>
FN:617,range_check<i32>
FN:674,zero<f64>
FN:724,resize<f64>
FN:792,add<i32>
FN:808,sub<i32>
FN:824,mul<i32>
FN:841,div<i32>
FN:879,get<f64>
FN:934,prod<i32>
FN:1030,adjugate<f32>
FN:1076,det<f32>
FN:1109,is_regular<i32>
FN:1154,inverse<f64>
FN:1243,{{closure}}
FN:1249,{{closure}}
FN:1255,{{closure}}
FN:1262,{{closure}}
FN:1272,{{closure}}
FN:1277,{{closure}}
FN:1284,{{closure}}
FN:1290,{{closure}}
FN:1298,{{closure}}
FN:1306,{{closure}}
FN:1315,{{closure}}
FN:1325,{{closure}}
FN:1334,{{closure}}
FN:1342,{{closure}}
FN:1348,{{closure}}
FN:1355,{{closure}}
FN:1361,{{closure}}
FN:1368,{{closure}}
FN:1374,{{closure}}
FN:1391,{{closure}}
FN:1408,{{closure}}
FN:1431,{{closure}}
FN:1444,{{closure}}
FN:1457,{{closure}}
FN:1477,{{closure}}
FN:1489,{{closure}}
FN:1501,{{closure}}
FN:1513,{{closure}}
FN:1526,{{closure}}
FN:1542,{{closure}}
FN:1553,{{closure}}
FN:1563,{{closure}}
FN:1569,{{closure}}
FN:1580,{{closure}}
FN:1592,{{closure}}
FN:1604,{{closure}}
FN:1614,{{closure}}
FN:1637,{{closure}}
FNF:69
FNDA:4,new<f64>
FNDA:1,print<i32>
FNDA:5,push<f32>
FNDA:1,add<i32>
FNDA:1,sub<i32>
FNDA:1,mul<i32>
FNDA:2,dump<f64>
FNDA:1,row<i32>
FNDA:2,col<i32>
FNDA:3,is_square<f64>
FNDA:2,rows<i32>
FNDA:2,cols<f64>
FNDA:1,row_replace<i32>
FNDA:1,col_replace<i32>
FNDA:2,transpose<i32>
FNDA:3,integrity_check<i32>
FNDA:3,row_check<i32>
FNDA:3,col_check<f32>
FNDA:3,range_check<i32>
FNDA:2,zero<f64>
FNDA:1,resize<f64>
FNDA:1,add<i32>
FNDA:1,sub<i32>
FNDA:1,mul<i32>
FNDA:1,div<i32>
FNDA:1,get<f64>
FNDA:2,prod<i32>
FNDA:3,adjugate<f32>
FNDA:3,det<f32>
FNDA:2,is_regular<i32>
FNDA:1,inverse<f64>
FNDA:3,{{closure}}
FNDA:3,{{closure}}
FNDA:3,{{closure}}
FNDA:3,{{closure}}
FNDA:4,{{closure}}
FNDA:3,{{closure}}
FNDA:4,{{closure}}
FNDA:3,{{closure}}
FNDA:4,{{closure}}
FNDA:4,{{closure}}
FNDA:3,{{closure}}
FNDA:4,{{closure}}
FNDA:3,{{closure}}
FNDA:4,{{closure}}
FNDA:3,{{closure}}
FNDA:3,{{closure}}
FNDA:3,{{closure}}
FNDA:4,{{closure}}
FNDA:3,{{closure}}
FNDA:3,{{closure}}
FNDA:3,{{closure}}
FNDA:3,{{closure}}
FNDA:3,{{closure}}
FNDA:3,{{closure}}
FNDA:3,{{closure}}
FNDA:3,{{closure}}
FNDA:3,{{closure}}
FNDA:3,{{closure}}
FNDA:4,{{closure}}
FNDA:4,{{closure}}
FNDA:3,{{closure}}
FNDA:3,{{closure}}
FNDA:3,{{closure}}
FNDA:3,{{closure}}
FNDA:4,{{closure}}
FNDA:4,{{closure}}
FNDA:3,{{closure}}
FNDA:3,{{closure}}
DA:57,4
DA:58,5
DA:69,1
DA:70,1
DA:76,0
DA:77,0
DA:78,0
DA:79,0
DA:86,5
DA:87,5
DA:89,13
DA:90,8
DA:92,1
DA:100,5
DA:101,5
DA:178,1
DA:179,1
DA:180,0
DA:181,1
DA:182,0
DA:183,1
DA:184,0
DA:186,0
DA:187,0
DA:189,2
DA:190,0
DA:193,1
DA:194,1
DA:196,2
DA:197,2
DA:198,2
DA:200,2
DA:201,1
DA:202,1
DA:205,0
DA:234,1
DA:235,1
DA:236,0
DA:237,1
DA:238,0
DA:239,1
DA:240,0
DA:242,0
DA:243,0
DA:245,2
DA:246,0
DA:249,1
DA:250,1
DA:252,2
DA:253,2
DA:254,2
DA:256,2
DA:257,1
DA:258,1
DA:261,0
DA:320,1
DA:321,1
DA:322,1
DA:324,1
DA:325,0
DA:327,0
DA:328,0
DA:330,2
DA:331,0
DA:333,0
DA:334,0
DA:338,2
DA:340,1
DA:341,1
DA:344,2
DA:345,2
DA:346,2
DA:347,3
DA:348,2
DA:350,3
DA:351,2
DA:353,2
DA:354,0
DA:356,0
DA:359,1
DA:364,0
DA:377,2
DA:378,0
DA:384,1
DA:385,1
DA:386,1
DA:387,1
DA:389,0
DA:390,1
DA:393,1
DA:394,2
DA:395,1
DA:397,0
DA:404,2
DA:405,2
DA:406,2
DA:407,4
DA:408,2
DA:410,0
DA:426,3
DA:427,4
DA:430,3
DA:436,2
DA:437,2
DA:442,2
DA:443,2
DA:444,0
DA:446,2
DA:452,1
DA:453,1
DA:456,2
DA:458,1
DA:461,1
DA:462,1
DA:464,2
DA:465,1
DA:466,1
DA:468,2
DA:469,2
DA:470,2
DA:471,0
DA:472,0
DA:475,1
DA:478,1
DA:483,1
DA:484,1
DA:487,2
DA:489,1
DA:492,2
DA:493,1
DA:494,1
DA:495,1
DA:496,1
DA:498,2
DA:499,0
DA:500,0
DA:502,1
DA:505,1
DA:536,2
DA:537,2
DA:539,2
DA:540,2
DA:541,4
DA:542,2
DA:543,2
DA:544,4
DA:545,2
DA:547,4
DA:548,0
DA:551,6
DA:552,2
DA:554,6
DA:555,2
DA:556,4
DA:557,2
DA:561,4
DA:562,0
DA:563,0
DA:565,0
DA:571,3
DA:572,3
DA:573,1
DA:575,6
DA:576,3
DA:577,3
DA:578,1
DA:580,0
DA:581,1
DA:582,1
DA:583,0
DA:585,1
DA:588,3
DA:595,3
DA:596,3
DA:597,6
DA:606,3
DA:607,3
DA:608,6
DA:617,3
DA:618,3
DA:647,0
DA:648,0
DA:649,0
DA:650,0
DA:651,0
DA:653,0
DA:674,2
DA:675,2
DA:676,0
DA:684,0
DA:685,0
DA:686,0
DA:687,0
DA:688,0
DA:691,0
DA:724,1
DA:725,1
DA:726,0
DA:727,1
DA:728,0
DA:730,2
DA:731,0
DA:733,1
DA:734,2
DA:735,1
DA:737,2
DA:738,0
DA:740,3
DA:741,2
DA:742,1
DA:744,2
DA:745,0
DA:748,1
DA:774,0
DA:775,0
DA:776,0
DA:778,0
DA:779,0
DA:781,0
DA:783,0
DA:784,0
DA:785,0
DA:792,1
DA:793,1
DA:794,2
DA:795,2
DA:796,1
DA:799,2
DA:800,0
DA:801,0
DA:803,0
DA:808,1
DA:809,1
DA:810,2
DA:811,2
DA:812,1
DA:815,2
DA:816,0
DA:817,0
DA:819,0
DA:824,1
DA:825,1
DA:826,2
DA:827,2
DA:828,1
DA:831,2
DA:832,0
DA:833,0
DA:835,0
DA:841,1
DA:842,1
DA:843,2
DA:844,2
DA:845,1
DA:848,2
DA:849,0
DA:850,0
DA:852,0
DA:879,1
DA:880,1
DA:881,1
DA:883,2
DA:884,2
DA:885,2
DA:887,2
DA:888,1
DA:889,1
DA:892,0
DA:934,2
DA:935,1
DA:936,1
DA:938,1
DA:939,0
DA:940,1
DA:941,1
DA:944,0
DA:978,0
DA:979,0
DA:981,0
DA:984,0
DA:985,0
DA:987,0
DA:988,0
DA:989,0
DA:991,0
DA:992,0
DA:993,0
DA:997,0
DA:1030,3
DA:1031,3
DA:1032,3
DA:1033,3
DA:1034,6
DA:1035,3
DA:1036,9
DA:1037,9
DA:1038,9
DA:1039,6
DA:1042,6
DA:1045,9
DA:1046,6
DA:1047,3
DA:1048,3
DA:1049,3
DA:1050,3
DA:1052,0
DA:1056,3
DA:1076,3
DA:1077,3
DA:1078,3
DA:1080,4
DA:1081,2
DA:1082,11
DA:1083,6
DA:1085,6
DA:1086,6
DA:1087,3
DA:1088,6
DA:1089,6
DA:1091,6
DA:1094,3
DA:1109,2
DA:1110,3
DA:1111,1
DA:1154,1
DA:1155,1
DA:1157,0
DA:1158,2
DA:1159,1
DA:1162,1
DA:1164,2
DA:1165,2
DA:1166,1
DA:1167,0
DA:1168,1
DA:1169,2
DA:1170,2
DA:1172,2
DA:1176,2
DA:1185,0
DA:1186,0
DA:1188,0
DA:1189,0
DA:1190,0
DA:1191,0
DA:1192,0
DA:1193,0
DA:1195,0
DA:1203,0
DA:1204,0
DA:1206,0
DA:1207,0
DA:1208,0
DA:1209,0
DA:1211,0
DA:1224,0
DA:1225,0
DA:1226,0
DA:1227,0
DA:1230,0
DA:1231,0
DA:1232,0
DA:1234,0
DA:1243,3
DA:1244,1
DA:1245,1
DA:1249,3
DA:1250,1
DA:1251,1
DA:1255,3
DA:1256,1
DA:1257,1
DA:1262,3
DA:1263,1
DA:1264,1
DA:1265,1
DA:1266,1
DA:1272,4
DA:1273,3
DA:1277,3
DA:1278,1
DA:1279,1
DA:1284,4
DA:1285,1
DA:1286,1
DA:1290,3
DA:1291,1
DA:1292,1
DA:1298,4
DA:1299,1
DA:1300,1
DA:1306,4
DA:1307,1
DA:1309,1
DA:1310,1
DA:1311,1
DA:1315,3
DA:1316,3
DA:1317,1
DA:1319,1
DA:1325,4
DA:1326,3
DA:1327,1
DA:1329,1
DA:1334,3
DA:1335,1
DA:1336,1
DA:1337,1
DA:1342,4
DA:1343,1
DA:1344,1
DA:1348,3
DA:1349,1
DA:1350,1
DA:1351,1
DA:1355,3
DA:1356,1
DA:1357,1
DA:1361,3
DA:1362,1
DA:1363,1
DA:1368,4
DA:1369,1
DA:1370,1
DA:1374,3
DA:1375,1
DA:1376,1
DA:1377,1
DA:1378,2
DA:1379,1
DA:1380,1
DA:1383,2
DA:1384,2
DA:1385,1
DA:1386,1
DA:1391,3
DA:1392,1
DA:1393,1
DA:1394,1
DA:1395,2
DA:1396,1
DA:1397,1
DA:1400,2
DA:1401,2
DA:1402,1
DA:1403,1
DA:1408,3
DA:1409,1
DA:1410,1
DA:1416,1
DA:1417,2
DA:1418,2
DA:1419,1
DA:1431,3
DA:1432,1
DA:1433,1
DA:1434,1
DA:1435,1
DA:1436,2
DA:1437,2
DA:1438,1
DA:1444,3
DA:1445,1
DA:1446,1
DA:1447,1
DA:1448,1
DA:1449,2
DA:1450,2
DA:1451,1
DA:1457,3
DA:1458,1
DA:1459,1
DA:1460,1
DA:1461,1
DA:1462,2
DA:1463,2
DA:1464,1
DA:1477,3
DA:1478,1
DA:1479,1
DA:1480,1
DA:1481,2
DA:1482,2
DA:1483,1
DA:1489,3
DA:1490,1
DA:1491,1
DA:1492,1
DA:1493,2
DA:1494,2
DA:1495,1
DA:1501,3
DA:1502,1
DA:1503,1
DA:1504,1
DA:1505,2
DA:1506,2
DA:1507,1
DA:1513,3
DA:1514,1
DA:1515,1
DA:1516,1
DA:1517,2
DA:1518,2
DA:1519,1
DA:1526,4
DA:1527,1
DA:1532,1
DA:1537,1
DA:1542,4
DA:1543,1
DA:1548,1
DA:1549,1
DA:1553,3
DA:1554,1
DA:1559,1
DA:1563,3
DA:1564,1
DA:1565,1
DA:1569,3
DA:1570,1
DA:1576,1
DA:1580,3
DA:1581,1
DA:1587,1
DA:1592,4
DA:1593,1
DA:1599,1
DA:1604,4
DA:1605,1
DA:1610,1
DA:1614,3
DA:1615,1
DA:1621,1
DA:1626,1
DA:1627,1
DA:1628,1
DA:1629,2
DA:1630,2
DA:1631,1
DA:1637,3
DA:1638,1
DA:1644,1
DA:1645,1
DA:1652,2
DA:1653,1
DA:1654,2
DA:1655,1
LF:548
LH:425
end_of_record
